Case #1: BA BA
Case #2: A A C B A CB
Case #3: C C BA
Case #4: B B A B AC
Case #5: B B C A B CA
Case #6: B A B A B A B AC
Case #7: C B A C BA
Case #8: B A B A B AC
Case #9: C C C B A C BA
Case #10: A A C A C A CB
Case #11: C C A C A B C AB
Case #12: A A A C B A CB
Case #13: C C A C AB
Case #14: B B A B A B AC
Case #15: B B A B A C B AC
Case #16: B B C B C A B CA
Case #17: BA
Case #18: A A CB
Case #19: BA BA BA
Case #20: C B A C B A C BA
Case #21: B A B A C B AC
Case #22: A A C A C B A CB
Case #23: C C B A C BA
Case #24: C C B C B A C BA
Case #25: B B C B CA
Case #26: B A B AC
Case #27: A A C A CB
Case #28: C C B C B C BA
Case #29: A A B A BC
Case #30: C A C A C AB
Case #31: C BA
Case #32: C A C AB
Case #33: C B C B A C BA
Case #34: C B C BA
Case #35: C C B C BA
Case #36: C A C A C A C AB
Case #37: C B C B C BA
Case #38: A A B A B C A BC
Case #39: BA BA BA BA
Case #40: C B C B C B C BA
Case #41: C A C A B C AB
Case #42: B B B C A B CA
Case #43: A A B A B A BC
Case #44: B B C B C B CA
Case #45: C C A C A C AB
Case #46: B B CA
